<?xml version="1.0" encoding="UTF-8"?>
<testsuites>
    <testsuite name="Results (powered by Planemo)"
              tests="0"
              errors="0"
              failures="0"
              skipped="0">
        
   </testsuite>
</testsuites>