<?xml version="1.0" encoding="UTF-8"?>
<testsuites>
    <testsuite name="Results (powered by Planemo)"
              tests="3"
              errors="0"
              failures="0"
              skipped="0">
        
        <testcase classname="neutrons_fractal (Test #1)" name="0" time="147.71227598190308">
            
                
            
        </testcase>
        
        <testcase classname="neutrons_fractal (Test #2)" name="1" time="161.94958186149597">
            
                
            
        </testcase>
        
        <testcase classname="neutrons_fractal (Test #3)" name="2" time="37.83514094352722">
            
                
            
        </testcase>
        
   </testsuite>
</testsuites>