<tool id="test-template-gui-yfa-prototype" tool_type="interactive"  name="Test Template GUI YFA" version="0.1.0" profile="22.01">
    <description>Test Template GUI YFA - A tool generated using the NOVA Application Template</description>
    <requirements>
        <container type="docker">savannah.ornl.gov/ndip/tool-sources/test-template-gui-yfa:0.1.0</container>
    </requirements>
    <entry_points>
        <entry_point name="app entry" label="app_entry" requires_domain="False" requires_path_in_url="True">
            <port>8081</port>
        </entry_point>
    </entry_points>
     <command><![CDATA[
        supervisord > >(tee -a $output) 2> >(tee -a $output >&2)
        
    ]]></command>
    <outputs>
        <data format="txt" name="output" label="Console output"></data>
    </outputs>
    <help><![CDATA[
        **Test Template GUI YFA**
        
        This is a Galaxy tool for Test Template GUI YFA.
        
        For more information, see the repository: https://code.ornl.gov/ndip/tool-sources/generic/test-template-gui-yfa
    ]]></help>
</tool>